<component name="libraryTable">
  <library name="junit-4.12">
    <CLASSES>
      <root url="jar://$PROJECT_DIR$/lib/junit-4.12.jar!/" />
      <root url="jar://$PROJECT_DIR$/lib/junit-4.12.jar!/junit" />
      <root url="jar://$PROJECT_DIR$/lib/junit-4.12.jar!/org" />
    </CLASSES>
    <JAVADOC />
    <SOURCES />
  </library>
</component>